<?xml version="1.0" encoding="UTF-8"?>
<coverage generated="1511382828848" clover="3.2.0">
  <project timestamp="1511382828849" name="All files">
    <metrics statements="125" coveredstatements="89" conditionals="36" coveredconditionals="17" methods="37" coveredmethods="21" elements="198" coveredelements="127" complexity="0" loc="125" ncloc="125" packages="10" files="29" classes="29">
      <package name="app">
        <metrics statements="2" coveredstatements="2" conditionals="0" coveredconditionals="0" methods="1" coveredmethods="1"/>
        <file name="index.js" path="/Users/tg/dev/react/reactnative/demos/marketamerica/tgshop_expo/tgshop/app/index.js">
          <metrics statements="2" coveredstatements="2" conditionals="0" coveredconditionals="0" methods="1" coveredmethods="1"/>
          <line num="9" count="1" type="stmt"/>
          <line num="23" count="1" type="stmt"/>
        </file>
      </package>
      <package name="app.actions">
        <metrics statements="12" coveredstatements="12" conditionals="0" coveredconditionals="0" methods="4" coveredmethods="1"/>
        <file name="productDetail.js" path="/Users/tg/dev/react/reactnative/demos/marketamerica/tgshop_expo/tgshop/app/actions/productDetail.js">
          <metrics statements="4" coveredstatements="4" conditionals="0" coveredconditionals="0" methods="1" coveredmethods="0"/>
          <line num="1" count="1" type="stmt"/>
          <line num="2" count="1" type="stmt"/>
          <line num="3" count="1" type="stmt"/>
          <line num="5" count="1" type="stmt"/>
        </file>
        <file name="products.js" path="/Users/tg/dev/react/reactnative/demos/marketamerica/tgshop_expo/tgshop/app/actions/products.js">
          <metrics statements="8" coveredstatements="8" conditionals="0" coveredconditionals="0" methods="3" coveredmethods="1"/>
          <line num="1" count="1" type="stmt"/>
          <line num="2" count="1" type="stmt"/>
          <line num="3" count="1" type="stmt"/>
          <line num="4" count="1" type="stmt"/>
          <line num="5" count="1" type="stmt"/>
          <line num="7" count="1" type="stmt"/>
          <line num="11" count="1" type="stmt"/>
          <line num="16" count="1" type="stmt"/>
        </file>
      </package>
      <package name="app.components.Card">
        <metrics statements="9" coveredstatements="8" conditionals="4" coveredconditionals="2" methods="1" coveredmethods="1"/>
        <file name="ProductDetailCard.js" path="/Users/tg/dev/react/reactnative/demos/marketamerica/tgshop_expo/tgshop/app/components/Card/ProductDetailCard.js">
          <metrics statements="8" coveredstatements="7" conditionals="4" coveredconditionals="2" methods="1" coveredmethods="1"/>
          <line num="11" count="2" type="stmt"/>
          <line num="13" count="1" type="stmt"/>
          <line num="20" count="1" type="cond" truecount="1" falsecount="1"/>
          <line num="21" count="0" type="stmt"/>
          <line num="24" count="1" type="cond" truecount="1" falsecount="1"/>
          <line num="25" count="1" type="stmt"/>
          <line num="29" count="1" type="stmt"/>
          <line num="31" count="1" type="stmt"/>
        </file>
        <file name="index.js" path="/Users/tg/dev/react/reactnative/demos/marketamerica/tgshop_expo/tgshop/app/components/Card/index.js">
          <metrics statements="0" coveredstatements="0" conditionals="0" coveredconditionals="0" methods="0" coveredmethods="0"/>
        </file>
        <file name="styles.js" path="/Users/tg/dev/react/reactnative/demos/marketamerica/tgshop_expo/tgshop/app/components/Card/styles.js">
          <metrics statements="1" coveredstatements="1" conditionals="0" coveredconditionals="0" methods="0" coveredmethods="0"/>
          <line num="3" count="2" type="stmt"/>
        </file>
      </package>
      <package name="app.components.Container">
        <metrics statements="6" coveredstatements="5" conditionals="2" coveredconditionals="1" methods="1" coveredmethods="1"/>
        <file name="Container.js" path="/Users/tg/dev/react/reactnative/demos/marketamerica/tgshop_expo/tgshop/app/components/Container/Container.js">
          <metrics statements="6" coveredstatements="5" conditionals="2" coveredconditionals="1" methods="1" coveredmethods="1"/>
          <line num="7" count="2" type="stmt"/>
          <line num="8" count="3" type="stmt"/>
          <line num="9" count="3" type="cond" truecount="1" falsecount="1"/>
          <line num="10" count="0" type="stmt"/>
          <line num="12" count="3" type="stmt"/>
          <line num="20" count="2" type="stmt"/>
        </file>
        <file name="index.js" path="/Users/tg/dev/react/reactnative/demos/marketamerica/tgshop_expo/tgshop/app/components/Container/index.js">
          <metrics statements="0" coveredstatements="0" conditionals="0" coveredconditionals="0" methods="0" coveredmethods="0"/>
        </file>
        <file name="styles.js" path="/Users/tg/dev/react/reactnative/demos/marketamerica/tgshop_expo/tgshop/app/components/Container/styles.js">
          <metrics statements="0" coveredstatements="0" conditionals="0" coveredconditionals="0" methods="0" coveredmethods="0"/>
        </file>
      </package>
      <package name="app.components.Header">
        <metrics statements="8" coveredstatements="7" conditionals="0" coveredconditionals="0" methods="2" coveredmethods="1"/>
        <file name="ImageHeader.js" path="/Users/tg/dev/react/reactnative/demos/marketamerica/tgshop_expo/tgshop/app/components/Header/ImageHeader.js">
          <metrics statements="3" coveredstatements="2" conditionals="0" coveredconditionals="0" methods="1" coveredmethods="0"/>
          <line num="7" count="2" type="stmt"/>
          <line num="8" count="0" type="stmt"/>
          <line num="16" count="2" type="stmt"/>
        </file>
        <file name="SearchHeader.js" path="/Users/tg/dev/react/reactnative/demos/marketamerica/tgshop_expo/tgshop/app/components/Header/SearchHeader.js">
          <metrics statements="4" coveredstatements="4" conditionals="0" coveredconditionals="0" methods="1" coveredmethods="1"/>
          <line num="13" count="2" type="stmt"/>
          <line num="14" count="3" type="stmt"/>
          <line num="15" count="3" type="stmt"/>
          <line num="18" count="3" type="stmt"/>
        </file>
        <file name="index.js" path="/Users/tg/dev/react/reactnative/demos/marketamerica/tgshop_expo/tgshop/app/components/Header/index.js">
          <metrics statements="0" coveredstatements="0" conditionals="0" coveredconditionals="0" methods="0" coveredmethods="0"/>
        </file>
        <file name="styles.js" path="/Users/tg/dev/react/reactnative/demos/marketamerica/tgshop_expo/tgshop/app/components/Header/styles.js">
          <metrics statements="1" coveredstatements="1" conditionals="0" coveredconditionals="0" methods="0" coveredmethods="0"/>
          <line num="4" count="2" type="stmt"/>
        </file>
      </package>
      <package name="app.components.List">
        <metrics statements="11" coveredstatements="10" conditionals="10" coveredconditionals="7" methods="3" coveredmethods="2"/>
        <file name="ListItem.js" path="/Users/tg/dev/react/reactnative/demos/marketamerica/tgshop_expo/tgshop/app/components/List/ListItem.js">
          <metrics statements="3" coveredstatements="2" conditionals="1" coveredconditionals="0" methods="1" coveredmethods="0"/>
          <line num="8" count="2" type="cond" truecount="0" falsecount="1"/>
          <line num="9" count="0" type="stmt"/>
          <line num="23" count="2" type="stmt"/>
        </file>
        <file name="ProductListItem.js" path="/Users/tg/dev/react/reactnative/demos/marketamerica/tgshop_expo/tgshop/app/components/List/ProductListItem.js">
          <metrics statements="6" coveredstatements="6" conditionals="9" coveredconditionals="7" methods="1" coveredmethods="1"/>
          <line num="8" count="2" type="stmt"/>
          <line num="14" count="11" type="cond" truecount="2" falsecount="0"/>
          <line num="19" count="11" type="cond" truecount="2" falsecount="0"/>
          <line num="25" count="10" type="stmt"/>
          <line num="27" count="10" type="stmt"/>
          <line num="55" count="2" type="stmt"/>
        </file>
        <file name="Separator.js" path="/Users/tg/dev/react/reactnative/demos/marketamerica/tgshop_expo/tgshop/app/components/List/Separator.js">
          <metrics statements="1" coveredstatements="1" conditionals="0" coveredconditionals="0" methods="1" coveredmethods="1"/>
          <line num="6" count="10" type="stmt"/>
        </file>
        <file name="index.js" path="/Users/tg/dev/react/reactnative/demos/marketamerica/tgshop_expo/tgshop/app/components/List/index.js">
          <metrics statements="0" coveredstatements="0" conditionals="0" coveredconditionals="0" methods="0" coveredmethods="0"/>
        </file>
        <file name="styles.js" path="/Users/tg/dev/react/reactnative/demos/marketamerica/tgshop_expo/tgshop/app/components/List/styles.js">
          <metrics statements="1" coveredstatements="1" conditionals="0" coveredconditionals="0" methods="0" coveredmethods="0"/>
          <line num="4" count="2" type="stmt"/>
        </file>
      </package>
      <package name="app.components.MoneyIcon">
        <metrics statements="3" coveredstatements="3" conditionals="0" coveredconditionals="0" methods="1" coveredmethods="1"/>
        <file name="MoneyIcon.js" path="/Users/tg/dev/react/reactnative/demos/marketamerica/tgshop_expo/tgshop/app/components/MoneyIcon/MoneyIcon.js">
          <metrics statements="2" coveredstatements="2" conditionals="0" coveredconditionals="0" methods="1" coveredmethods="1"/>
          <line num="6" count="2" type="stmt"/>
          <line num="7" count="1" type="stmt"/>
        </file>
        <file name="index.js" path="/Users/tg/dev/react/reactnative/demos/marketamerica/tgshop_expo/tgshop/app/components/MoneyIcon/index.js">
          <metrics statements="0" coveredstatements="0" conditionals="0" coveredconditionals="0" methods="0" coveredmethods="0"/>
        </file>
        <file name="styles.js" path="/Users/tg/dev/react/reactnative/demos/marketamerica/tgshop_expo/tgshop/app/components/MoneyIcon/styles.js">
          <metrics statements="1" coveredstatements="1" conditionals="0" coveredconditionals="0" methods="0" coveredmethods="0"/>
          <line num="4" count="2" type="stmt"/>
        </file>
      </package>
      <package name="app.config">
        <metrics statements="32" coveredstatements="19" conditionals="6" coveredconditionals="1" methods="6" coveredmethods="4"/>
        <file name="routes.js" path="/Users/tg/dev/react/reactnative/demos/marketamerica/tgshop_expo/tgshop/app/config/routes.js">
          <metrics statements="1" coveredstatements="1" conditionals="0" coveredconditionals="0" methods="0" coveredmethods="0"/>
          <line num="9" count="1" type="stmt"/>
        </file>
        <file name="sagas.js" path="/Users/tg/dev/react/reactnative/demos/marketamerica/tgshop_expo/tgshop/app/config/sagas.js">
          <metrics statements="25" coveredstatements="13" conditionals="4" coveredconditionals="0" methods="6" coveredmethods="4"/>
          <line num="16" count="1" type="stmt"/>
          <line num="17" count="1" type="stmt"/>
          <line num="19" count="1" type="stmt"/>
          <line num="20" count="1" type="stmt"/>
          <line num="22" count="1" type="stmt"/>
          <line num="23" count="1" type="stmt"/>
          <line num="24" count="0" type="stmt"/>
          <line num="26" count="0" type="cond" truecount="0" falsecount="2"/>
          <line num="27" count="0" type="stmt"/>
          <line num="29" count="0" type="stmt"/>
          <line num="32" count="1" type="stmt"/>
          <line num="37" count="1" type="stmt"/>
          <line num="38" count="0" type="stmt"/>
          <line num="44" count="1" type="stmt"/>
          <line num="45" count="0" type="stmt"/>
          <line num="46" count="0" type="stmt"/>
          <line num="47" count="0" type="stmt"/>
          <line num="49" count="0" type="cond" truecount="0" falsecount="2"/>
          <line num="50" count="0" type="stmt"/>
          <line num="52" count="0" type="stmt"/>
          <line num="55" count="0" type="stmt"/>
          <line num="59" count="1" type="stmt"/>
          <line num="60" count="1" type="stmt"/>
          <line num="61" count="1" type="stmt"/>
          <line num="62" count="1" type="stmt"/>
        </file>
        <file name="store.js" path="/Users/tg/dev/react/reactnative/demos/marketamerica/tgshop_expo/tgshop/app/config/store.js">
          <metrics statements="6" coveredstatements="5" conditionals="2" coveredconditionals="1" methods="0" coveredmethods="0"/>
          <line num="8" count="1" type="stmt"/>
          <line num="9" count="1" type="stmt"/>
          <line num="10" count="1" type="cond" truecount="1" falsecount="1"/>
          <line num="11" count="0" type="stmt"/>
          <line num="14" count="1" type="stmt"/>
          <line num="16" count="1" type="stmt"/>
        </file>
      </package>
      <package name="app.reducers">
        <metrics statements="22" coveredstatements="14" conditionals="12" coveredconditionals="6" methods="4" coveredmethods="3"/>
        <file name="index.js" path="/Users/tg/dev/react/reactnative/demos/marketamerica/tgshop_expo/tgshop/app/reducers/index.js">
          <metrics statements="0" coveredstatements="0" conditionals="0" coveredconditionals="0" methods="0" coveredmethods="0"/>
        </file>
        <file name="productDetail.js" path="/Users/tg/dev/react/reactnative/demos/marketamerica/tgshop_expo/tgshop/app/reducers/productDetail.js">
          <metrics statements="10" coveredstatements="5" conditionals="5" coveredconditionals="2" methods="2" coveredmethods="1"/>
          <line num="7" count="1" type="stmt"/>
          <line num="15" count="1" type="stmt"/>
          <line num="16" count="0" type="stmt"/>
          <line num="21" count="0" type="stmt"/>
          <line num="24" count="1" type="cond" truecount="1" falsecount="0"/>
          <line num="25" count="5" type="cond" truecount="1" falsecount="3"/>
          <line num="27" count="0" type="stmt"/>
          <line num="29" count="0" type="stmt"/>
          <line num="37" count="0" type="stmt"/>
          <line num="39" count="5" type="stmt"/>
        </file>
        <file name="products.js" path="/Users/tg/dev/react/reactnative/demos/marketamerica/tgshop_expo/tgshop/app/reducers/products.js">
          <metrics statements="12" coveredstatements="9" conditionals="7" coveredconditionals="4" methods="2" coveredmethods="2"/>
          <line num="9" count="1" type="stmt"/>
          <line num="56" count="1" type="stmt"/>
          <line num="57" count="1" type="stmt"/>
          <line num="62" count="1" type="stmt"/>
          <line num="65" count="1" type="cond" truecount="1" falsecount="0"/>
          <line num="66" count="5" type="cond" truecount="3" falsecount="3"/>
          <line num="68" count="1" type="stmt"/>
          <line num="70" count="0" type="stmt"/>
          <line num="78" count="1" type="stmt"/>
          <line num="80" count="0" type="stmt"/>
          <line num="82" count="0" type="stmt"/>
          <line num="84" count="3" type="stmt"/>
        </file>
      </package>
      <package name="app.screens">
        <metrics statements="20" coveredstatements="9" conditionals="2" coveredconditionals="0" methods="14" coveredmethods="6"/>
        <file name="ProductDetail.js" path="/Users/tg/dev/react/reactnative/demos/marketamerica/tgshop_expo/tgshop/app/screens/ProductDetail.js">
          <metrics statements="7" coveredstatements="1" conditionals="0" coveredconditionals="0" methods="4" coveredmethods="0"/>
          <line num="17" count="0" type="stmt"/>
          <line num="18" count="0" type="stmt"/>
          <line num="22" count="0" type="stmt"/>
          <line num="26" count="0" type="stmt"/>
          <line num="36" count="1" type="stmt"/>
          <line num="37" count="0" type="stmt"/>
          <line num="38" count="0" type="stmt"/>
        </file>
        <file name="ProductList.js" path="/Users/tg/dev/react/reactnative/demos/marketamerica/tgshop_expo/tgshop/app/screens/ProductList.js">
          <metrics statements="13" coveredstatements="8" conditionals="2" coveredconditionals="0" methods="10" coveredmethods="6"/>
          <line num="15" count="1" type="stmt"/>
          <line num="24" count="1" type="stmt"/>
          <line num="25" count="1" type="stmt"/>
          <line num="29" count="1" type="stmt"/>
          <line num="33" count="0" type="stmt"/>
          <line num="37" count="0" type="stmt"/>
          <line num="41" count="0" type="cond" truecount="0" falsecount="2"/>
          <line num="42" count="0" type="stmt"/>
          <line num="46" count="2" type="stmt"/>
          <line num="56" count="10" type="stmt"/>
          <line num="57" count="0" type="stmt"/>
          <line num="62" count="12" type="stmt"/>
          <line num="70" count="3" type="stmt"/>
        </file>
      </package>
    </metrics>
  </project>
</coverage>
