{"/Users/tg/dev/react/reactnative/demos/marketamerica/tgshop_expo/tgshop/app/index.js": {"path":"/Users/tg/dev/react/reactnative/demos/marketamerica/tgshop_expo/tgshop/app/index.js","statementMap":{"0":{"start":{"line":9,"column":0},"end":{"line":20,"column":3}},"1":{"start":{"line":23,"column":2},"end":{"line":25,"column":13}}},"fnMap":{"0":{"name":"(anonymous_0)","decl":{"start":{"line":22,"column":15},"end":{"line":22,"column":16}},"loc":{"start":{"line":23,"column":2},"end":{"line":25,"column":13}},"line":23}},"branchMap":{},"s":{"0":1,"1":1},"f":{"0":1},"b":{},"_coverageSchema":"332fd63041d2c1bcb487cc26dd0d5f7d97098a6c","hash":"1312108dbc68b85c71628ce5adaa6d0a961f12a9"}
,"/Users/tg/dev/react/reactnative/demos/marketamerica/tgshop_expo/tgshop/app/actions/productDetail.js": {"path":"/Users/tg/dev/react/reactnative/demos/marketamerica/tgshop_expo/tgshop/app/actions/productDetail.js","statementMap":{"0":{"start":{"line":1,"column":34},"end":{"line":1,"column":54}},"1":{"start":{"line":2,"column":37},"end":{"line":2,"column":60}},"2":{"start":{"line":3,"column":36},"end":{"line":3,"column":58}},"3":{"start":{"line":5,"column":32},"end":{"line":7,"column":2}},"4":{"start":{"line":5,"column":45},"end":{"line":7,"column":1}}},"fnMap":{"0":{"name":"(anonymous_0)","decl":{"start":{"line":5,"column":32},"end":{"line":5,"column":33}},"loc":{"start":{"line":5,"column":45},"end":{"line":7,"column":1}},"line":5}},"branchMap":{},"s":{"0":1,"1":1,"2":1,"3":1,"4":0},"f":{"0":0},"b":{},"_coverageSchema":"332fd63041d2c1bcb487cc26dd0d5f7d97098a6c","hash":"1404b225522074dd572054c6da60366c27059e68"}
,"/Users/tg/dev/react/reactnative/demos/marketamerica/tgshop_expo/tgshop/app/actions/products.js": {"path":"/Users/tg/dev/react/reactnative/demos/marketamerica/tgshop_expo/tgshop/app/actions/products.js","statementMap":{"0":{"start":{"line":1,"column":40},"end":{"line":1,"column":66}},"1":{"start":{"line":2,"column":35},"end":{"line":2,"column":56}},"2":{"start":{"line":3,"column":34},"end":{"line":3,"column":54}},"3":{"start":{"line":4,"column":31},"end":{"line":4,"column":48}},"4":{"start":{"line":5,"column":32},"end":{"line":5,"column":50}},"5":{"start":{"line":7,"column":37},"end":{"line":9,"column":2}},"6":{"start":{"line":7,"column":44},"end":{"line":9,"column":1}},"7":{"start":{"line":11,"column":29},"end":{"line":14,"column":2}},"8":{"start":{"line":11,"column":44},"end":{"line":14,"column":1}},"9":{"start":{"line":16,"column":30},"end":{"line":18,"column":2}},"10":{"start":{"line":16,"column":37},"end":{"line":18,"column":1}}},"fnMap":{"0":{"name":"(anonymous_0)","decl":{"start":{"line":7,"column":37},"end":{"line":7,"column":38}},"loc":{"start":{"line":7,"column":44},"end":{"line":9,"column":1}},"line":7},"1":{"name":"(anonymous_1)","decl":{"start":{"line":11,"column":29},"end":{"line":11,"column":30}},"loc":{"start":{"line":11,"column":44},"end":{"line":14,"column":1}},"line":11},"2":{"name":"(anonymous_2)","decl":{"start":{"line":16,"column":30},"end":{"line":16,"column":31}},"loc":{"start":{"line":16,"column":37},"end":{"line":18,"column":1}},"line":16}},"branchMap":{},"s":{"0":1,"1":1,"2":1,"3":1,"4":1,"5":1,"6":1,"7":1,"8":0,"9":1,"10":0},"f":{"0":1,"1":0,"2":0},"b":{},"_coverageSchema":"332fd63041d2c1bcb487cc26dd0d5f7d97098a6c","hash":"9b32dd1deaed5199f3b079f246f697b5e1955403"}
,"/Users/tg/dev/react/reactnative/demos/marketamerica/tgshop_expo/tgshop/app/components/Card/ProductDetailCard.js": {"path":"/Users/tg/dev/react/reactnative/demos/marketamerica/tgshop_expo/tgshop/app/components/Card/ProductDetailCard.js","statementMap":{"0":{"start":{"line":11,"column":26},"end":{"line":39,"column":1}},"1":{"start":{"line":13,"column":23},"end":{"line":17,"column":3}},"2":{"start":{"line":20,"column":2},"end":{"line":22,"column":3}},"3":{"start":{"line":21,"column":4},"end":{"line":21,"column":29}},"4":{"start":{"line":24,"column":2},"end":{"line":28,"column":3}},"5":{"start":{"line":25,"column":4},"end":{"line":27,"column":6}},"6":{"start":{"line":29,"column":55},"end":{"line":29,"column":69}},"7":{"start":{"line":31,"column":2},"end":{"line":38,"column":4}}},"fnMap":{"0":{"name":"(anonymous_0)","decl":{"start":{"line":11,"column":26},"end":{"line":11,"column":27}},"loc":{"start":{"line":11,"column":41},"end":{"line":39,"column":1}},"line":11}},"branchMap":{"0":{"loc":{"start":{"line":20,"column":2},"end":{"line":22,"column":3}},"type":"if","locations":[{"start":{"line":20,"column":2},"end":{"line":22,"column":3}},{"start":{"line":20,"column":2},"end":{"line":22,"column":3}}],"line":20},"1":{"loc":{"start":{"line":24,"column":2},"end":{"line":28,"column":3}},"type":"if","locations":[{"start":{"line":24,"column":2},"end":{"line":28,"column":3}},{"start":{"line":24,"column":2},"end":{"line":28,"column":3}}],"line":24}},"s":{"0":2,"1":1,"2":1,"3":0,"4":1,"5":1,"6":1,"7":1},"f":{"0":1},"b":{"0":[0,1],"1":[1,0]},"_coverageSchema":"332fd63041d2c1bcb487cc26dd0d5f7d97098a6c","hash":"7efad3420dc210271b39ef4a37ca4aa983bddeba"}
,"/Users/tg/dev/react/reactnative/demos/marketamerica/tgshop_expo/tgshop/app/components/Card/index.js": {"path":"/Users/tg/dev/react/reactnative/demos/marketamerica/tgshop_expo/tgshop/app/components/Card/index.js","statementMap":{},"fnMap":{},"branchMap":{},"s":{},"f":{},"b":{},"_coverageSchema":"332fd63041d2c1bcb487cc26dd0d5f7d97098a6c","hash":"33afc661ab5917f8c86482bef160146402ca4be8"}
,"/Users/tg/dev/react/reactnative/demos/marketamerica/tgshop_expo/tgshop/app/components/Card/styles.js": {"path":"/Users/tg/dev/react/reactnative/demos/marketamerica/tgshop_expo/tgshop/app/components/Card/styles.js","statementMap":{"0":{"start":{"line":3,"column":15},"end":{"line":25,"column":2}}},"fnMap":{},"branchMap":{},"s":{"0":2},"f":{},"b":{},"_coverageSchema":"332fd63041d2c1bcb487cc26dd0d5f7d97098a6c","hash":"7d6d9d5f67cdf5d85c6b0756706f4daa8c8a5e3f"}
,"/Users/tg/dev/react/reactnative/demos/marketamerica/tgshop_expo/tgshop/app/components/Container/Container.js": {"path":"/Users/tg/dev/react/reactnative/demos/marketamerica/tgshop_expo/tgshop/app/components/Container/Container.js","statementMap":{"0":{"start":{"line":7,"column":18},"end":{"line":17,"column":1}},"1":{"start":{"line":8,"column":26},"end":{"line":8,"column":44}},"2":{"start":{"line":9,"column":2},"end":{"line":11,"column":3}},"3":{"start":{"line":10,"column":4},"end":{"line":10,"column":46}},"4":{"start":{"line":12,"column":2},"end":{"line":16,"column":4}},"5":{"start":{"line":20,"column":0},"end":{"line":23,"column":2}}},"fnMap":{"0":{"name":"(anonymous_0)","decl":{"start":{"line":7,"column":18},"end":{"line":7,"column":19}},"loc":{"start":{"line":7,"column":53},"end":{"line":17,"column":1}},"line":7}},"branchMap":{"0":{"loc":{"start":{"line":9,"column":2},"end":{"line":11,"column":3}},"type":"if","locations":[{"start":{"line":9,"column":2},"end":{"line":11,"column":3}},{"start":{"line":9,"column":2},"end":{"line":11,"column":3}}],"line":9}},"s":{"0":2,"1":3,"2":3,"3":0,"4":3,"5":2},"f":{"0":3},"b":{"0":[0,3]},"_coverageSchema":"332fd63041d2c1bcb487cc26dd0d5f7d97098a6c","hash":"671434e6836bf34c8fe86a705820de55dff2a8c5"}
,"/Users/tg/dev/react/reactnative/demos/marketamerica/tgshop_expo/tgshop/app/components/Container/index.js": {"path":"/Users/tg/dev/react/reactnative/demos/marketamerica/tgshop_expo/tgshop/app/components/Container/index.js","statementMap":{},"fnMap":{},"branchMap":{},"s":{},"f":{},"b":{},"_coverageSchema":"332fd63041d2c1bcb487cc26dd0d5f7d97098a6c","hash":"2b31cb85bf754e11a9d481cef02ff9dd44f407b9"}
,"/Users/tg/dev/react/reactnative/demos/marketamerica/tgshop_expo/tgshop/app/components/Container/styles.js": {"path":"/Users/tg/dev/react/reactnative/demos/marketamerica/tgshop_expo/tgshop/app/components/Container/styles.js","statementMap":{},"fnMap":{},"branchMap":{},"s":{},"f":{},"b":{},"_coverageSchema":"332fd63041d2c1bcb487cc26dd0d5f7d97098a6c","hash":"26fa234ee603cd4da43b1ae970744c84d12ba5e4"}
,"/Users/tg/dev/react/reactnative/demos/marketamerica/tgshop_expo/tgshop/app/components/Header/ImageHeader.js": {"path":"/Users/tg/dev/react/reactnative/demos/marketamerica/tgshop_expo/tgshop/app/components/Header/ImageHeader.js","statementMap":{"0":{"start":{"line":7,"column":20},"end":{"line":14,"column":1}},"1":{"start":{"line":8,"column":2},"end":{"line":13,"column":9}},"2":{"start":{"line":16,"column":0},"end":{"line":18,"column":2}}},"fnMap":{"0":{"name":"(anonymous_0)","decl":{"start":{"line":7,"column":20},"end":{"line":7,"column":21}},"loc":{"start":{"line":8,"column":2},"end":{"line":13,"column":9}},"line":8}},"branchMap":{},"s":{"0":2,"1":0,"2":2},"f":{"0":0},"b":{},"_coverageSchema":"332fd63041d2c1bcb487cc26dd0d5f7d97098a6c","hash":"1c2bfee7406bfa04edd8e6be7dec131fd584fdf2"}
,"/Users/tg/dev/react/reactnative/demos/marketamerica/tgshop_expo/tgshop/app/components/Header/SearchHeader.js": {"path":"/Users/tg/dev/react/reactnative/demos/marketamerica/tgshop_expo/tgshop/app/components/Header/SearchHeader.js","statementMap":{"0":{"start":{"line":13,"column":21},"end":{"line":34,"column":1}},"1":{"start":{"line":14,"column":22},"end":{"line":14,"column":27}},"2":{"start":{"line":15,"column":24},"end":{"line":17,"column":3}},"3":{"start":{"line":18,"column":2},"end":{"line":33,"column":4}}},"fnMap":{"0":{"name":"(anonymous_0)","decl":{"start":{"line":13,"column":21},"end":{"line":13,"column":22}},"loc":{"start":{"line":13,"column":30},"end":{"line":34,"column":1}},"line":13}},"branchMap":{},"s":{"0":2,"1":3,"2":3,"3":3},"f":{"0":3},"b":{},"_coverageSchema":"332fd63041d2c1bcb487cc26dd0d5f7d97098a6c","hash":"90d2996c2afd07440f949159548479146c80af90"}
,"/Users/tg/dev/react/reactnative/demos/marketamerica/tgshop_expo/tgshop/app/components/Header/index.js": {"path":"/Users/tg/dev/react/reactnative/demos/marketamerica/tgshop_expo/tgshop/app/components/Header/index.js","statementMap":{},"fnMap":{},"branchMap":{},"s":{},"f":{},"b":{},"_coverageSchema":"332fd63041d2c1bcb487cc26dd0d5f7d97098a6c","hash":"8730388d1c9b921a67cbb337f5bd9975a29e757e"}
,"/Users/tg/dev/react/reactnative/demos/marketamerica/tgshop_expo/tgshop/app/components/Header/styles.js": {"path":"/Users/tg/dev/react/reactnative/demos/marketamerica/tgshop_expo/tgshop/app/components/Header/styles.js","statementMap":{"0":{"start":{"line":4,"column":15},"end":{"line":68,"column":2}}},"fnMap":{},"branchMap":{},"s":{"0":2},"f":{},"b":{},"_coverageSchema":"332fd63041d2c1bcb487cc26dd0d5f7d97098a6c","hash":"b75675b4dd8a8b4aacf59c2b8183d9e38b4c15be"}
,"/Users/tg/dev/react/reactnative/demos/marketamerica/tgshop_expo/tgshop/app/components/List/ListItem.js": {"path":"/Users/tg/dev/react/reactnative/demos/marketamerica/tgshop_expo/tgshop/app/components/List/ListItem.js","statementMap":{"0":{"start":{"line":8,"column":17},"end":{"line":21,"column":1}},"1":{"start":{"line":9,"column":2},"end":{"line":20,"column":4}},"2":{"start":{"line":23,"column":0},"end":{"line":27,"column":2}}},"fnMap":{"0":{"name":"(anonymous_0)","decl":{"start":{"line":8,"column":17},"end":{"line":8,"column":18}},"loc":{"start":{"line":8,"column":72},"end":{"line":21,"column":1}},"line":8}},"branchMap":{"0":{"loc":{"start":{"line":8,"column":45},"end":{"line":8,"column":65}},"type":"default-arg","locations":[{"start":{"line":8,"column":61},"end":{"line":8,"column":65}}],"line":8}},"s":{"0":2,"1":0,"2":2},"f":{"0":0},"b":{"0":[0]},"_coverageSchema":"332fd63041d2c1bcb487cc26dd0d5f7d97098a6c","hash":"6000223228c661c7b314a28bd622b532f51bc867"}
,"/Users/tg/dev/react/reactnative/demos/marketamerica/tgshop_expo/tgshop/app/components/List/ProductListItem.js": {"path":"/Users/tg/dev/react/reactnative/demos/marketamerica/tgshop_expo/tgshop/app/components/List/ProductListItem.js","statementMap":{"0":{"start":{"line":8,"column":24},"end":{"line":53,"column":1}},"1":{"start":{"line":14,"column":45},"end":{"line":18,"column":3}},"2":{"start":{"line":19,"column":40},"end":{"line":23,"column":3}},"3":{"start":{"line":25,"column":22},"end":{"line":25,"column":65}},"4":{"start":{"line":27,"column":2},"end":{"line":52,"column":4}},"5":{"start":{"line":55,"column":0},"end":{"line":60,"column":2}}},"fnMap":{"0":{"name":"(anonymous_0)","decl":{"start":{"line":8,"column":24},"end":{"line":8,"column":25}},"loc":{"start":{"line":13,"column":6},"end":{"line":53,"column":1}},"line":13}},"branchMap":{"0":{"loc":{"start":{"line":10,"column":2},"end":{"line":10,"column":22}},"type":"default-arg","locations":[{"start":{"line":10,"column":18},"end":{"line":10,"column":22}}],"line":10},"1":{"loc":{"start":{"line":14,"column":45},"end":{"line":18,"column":3}},"type":"binary-expr","locations":[{"start":{"line":14,"column":45},"end":{"line":14,"column":49}},{"start":{"line":14,"column":53},"end":{"line":18,"column":3}}],"line":14},"2":{"loc":{"start":{"line":19,"column":40},"end":{"line":23,"column":3}},"type":"binary-expr","locations":[{"start":{"line":19,"column":40},"end":{"line":19,"column":54}},{"start":{"line":19,"column":58},"end":{"line":23,"column":3}}],"line":19},"3":{"loc":{"start":{"line":38,"column":13},"end":{"line":38,"column":77}},"type":"cond-expr","locations":[{"start":{"line":38,"column":24},"end":{"line":38,"column":70}},{"start":{"line":38,"column":73},"end":{"line":38,"column":77}}],"line":38},"4":{"loc":{"start":{"line":41,"column":11},"end":{"line":47,"column":18}},"type":"cond-expr","locations":[{"start":{"line":42,"column":12},"end":{"line":46,"column":19}},{"start":{"line":47,"column":14},"end":{"line":47,"column":18}}],"line":41}},"s":{"0":2,"1":11,"2":11,"3":10,"4":10,"5":2},"f":{"0":11},"b":{"0":[11],"1":[11,1],"2":[11,10],"3":[0,10],"4":[0,10]},"_coverageSchema":"332fd63041d2c1bcb487cc26dd0d5f7d97098a6c","hash":"4865baf77ccd2972249c69bf567dea987a135ba3"}
,"/Users/tg/dev/react/reactnative/demos/marketamerica/tgshop_expo/tgshop/app/components/List/Separator.js": {"path":"/Users/tg/dev/react/reactnative/demos/marketamerica/tgshop_expo/tgshop/app/components/List/Separator.js","statementMap":{"0":{"start":{"line":6,"column":18},"end":{"line":6,"column":57}},"1":{"start":{"line":6,"column":24},"end":{"line":6,"column":57}}},"fnMap":{"0":{"name":"(anonymous_0)","decl":{"start":{"line":6,"column":18},"end":{"line":6,"column":19}},"loc":{"start":{"line":6,"column":24},"end":{"line":6,"column":57}},"line":6}},"branchMap":{},"s":{"0":2,"1":10},"f":{"0":10},"b":{},"_coverageSchema":"332fd63041d2c1bcb487cc26dd0d5f7d97098a6c","hash":"1026b007f68b3d8dd79177d0e599c1180a48b648"}
,"/Users/tg/dev/react/reactnative/demos/marketamerica/tgshop_expo/tgshop/app/components/List/index.js": {"path":"/Users/tg/dev/react/reactnative/demos/marketamerica/tgshop_expo/tgshop/app/components/List/index.js","statementMap":{},"fnMap":{},"branchMap":{},"s":{},"f":{},"b":{},"_coverageSchema":"332fd63041d2c1bcb487cc26dd0d5f7d97098a6c","hash":"21adc6dc7eb88493b95099d588581c3029f56a60"}
,"/Users/tg/dev/react/reactnative/demos/marketamerica/tgshop_expo/tgshop/app/components/List/styles.js": {"path":"/Users/tg/dev/react/reactnative/demos/marketamerica/tgshop_expo/tgshop/app/components/List/styles.js","statementMap":{"0":{"start":{"line":4,"column":15},"end":{"line":55,"column":2}}},"fnMap":{},"branchMap":{},"s":{"0":2},"f":{},"b":{},"_coverageSchema":"332fd63041d2c1bcb487cc26dd0d5f7d97098a6c","hash":"c0a35b19972e3f158ff4b9d5c49d5f14828a2888"}
,"/Users/tg/dev/react/reactnative/demos/marketamerica/tgshop_expo/tgshop/app/components/MoneyIcon/MoneyIcon.js": {"path":"/Users/tg/dev/react/reactnative/demos/marketamerica/tgshop_expo/tgshop/app/components/MoneyIcon/MoneyIcon.js","statementMap":{"0":{"start":{"line":6,"column":18},"end":{"line":12,"column":1}},"1":{"start":{"line":7,"column":2},"end":{"line":11,"column":4}}},"fnMap":{"0":{"name":"(anonymous_0)","decl":{"start":{"line":6,"column":18},"end":{"line":6,"column":19}},"loc":{"start":{"line":6,"column":24},"end":{"line":12,"column":1}},"line":6}},"branchMap":{},"s":{"0":2,"1":1},"f":{"0":1},"b":{},"_coverageSchema":"332fd63041d2c1bcb487cc26dd0d5f7d97098a6c","hash":"e45a416ad45ad570075bf4e8ae724355c538c068"}
,"/Users/tg/dev/react/reactnative/demos/marketamerica/tgshop_expo/tgshop/app/components/MoneyIcon/index.js": {"path":"/Users/tg/dev/react/reactnative/demos/marketamerica/tgshop_expo/tgshop/app/components/MoneyIcon/index.js","statementMap":{},"fnMap":{},"branchMap":{},"s":{},"f":{},"b":{},"_coverageSchema":"332fd63041d2c1bcb487cc26dd0d5f7d97098a6c","hash":"4b9c568cdf18893302fec925e1c3e8d9b6d1218a"}
,"/Users/tg/dev/react/reactnative/demos/marketamerica/tgshop_expo/tgshop/app/components/MoneyIcon/styles.js": {"path":"/Users/tg/dev/react/reactnative/demos/marketamerica/tgshop_expo/tgshop/app/components/MoneyIcon/styles.js","statementMap":{"0":{"start":{"line":4,"column":15},"end":{"line":23,"column":2}}},"fnMap":{},"branchMap":{},"s":{"0":2},"f":{},"b":{},"_coverageSchema":"332fd63041d2c1bcb487cc26dd0d5f7d97098a6c","hash":"895f858e7aedd37160a462c11b63df6340d14502"}
,"/Users/tg/dev/react/reactnative/demos/marketamerica/tgshop_expo/tgshop/app/config/routes.js": {"path":"/Users/tg/dev/react/reactnative/demos/marketamerica/tgshop_expo/tgshop/app/config/routes.js","statementMap":{"0":{"start":{"line":9,"column":25},"end":{"line":22,"column":2}}},"fnMap":{},"branchMap":{},"s":{"0":1},"f":{},"b":{},"_coverageSchema":"332fd63041d2c1bcb487cc26dd0d5f7d97098a6c","hash":"97d5ce5b5b973bce213c50205f7a965c571183f2"}
,"/Users/tg/dev/react/reactnative/demos/marketamerica/tgshop_expo/tgshop/app/config/sagas.js": {"path":"/Users/tg/dev/react/reactnative/demos/marketamerica/tgshop_expo/tgshop/app/config/sagas.js","statementMap":{"0":{"start":{"line":16,"column":30},"end":{"line":17,"column":77}},"1":{"start":{"line":17,"column":2},"end":{"line":17,"column":77}},"2":{"start":{"line":19,"column":25},"end":{"line":34,"column":1}},"3":{"start":{"line":20,"column":2},"end":{"line":33,"column":3}},"4":{"start":{"line":22,"column":23},"end":{"line":22,"column":71}},"5":{"start":{"line":22,"column":45},"end":{"line":22,"column":70}},"6":{"start":{"line":23,"column":21},"end":{"line":23,"column":59}},"7":{"start":{"line":24,"column":19},"end":{"line":24,"column":40}},"8":{"start":{"line":26,"column":4},"end":{"line":30,"column":5}},"9":{"start":{"line":27,"column":6},"end":{"line":27,"column":67}},"10":{"start":{"line":29,"column":6},"end":{"line":29,"column":55}},"11":{"start":{"line":32,"column":4},"end":{"line":32,"column":66}},"12":{"start":{"line":37,"column":32},"end":{"line":42,"column":3}},"13":{"start":{"line":38,"column":2},"end":{"line":42,"column":3}},"14":{"start":{"line":44,"column":27},"end":{"line":57,"column":1}},"15":{"start":{"line":45,"column":2},"end":{"line":56,"column":3}},"16":{"start":{"line":46,"column":21},"end":{"line":46,"column":64}},"17":{"start":{"line":47,"column":19},"end":{"line":47,"column":40}},"18":{"start":{"line":49,"column":4},"end":{"line":53,"column":5}},"19":{"start":{"line":50,"column":6},"end":{"line":50,"column":69}},"20":{"start":{"line":52,"column":6},"end":{"line":52,"column":57}},"21":{"start":{"line":55,"column":4},"end":{"line":55,"column":68}},"22":{"start":{"line":59,"column":17},"end":{"line":63,"column":1}},"23":{"start":{"line":60,"column":2},"end":{"line":60,"column":62}},"24":{"start":{"line":61,"column":2},"end":{"line":61,"column":54}},"25":{"start":{"line":62,"column":2},"end":{"line":62,"column":58}}},"fnMap":{"0":{"name":"(anonymous_0)","decl":{"start":{"line":16,"column":30},"end":{"line":16,"column":31}},"loc":{"start":{"line":17,"column":2},"end":{"line":17,"column":77}},"line":17},"1":{"name":"(anonymous_1)","decl":{"start":{"line":19,"column":25},"end":{"line":19,"column":26}},"loc":{"start":{"line":19,"column":43},"end":{"line":34,"column":1}},"line":19},"2":{"name":"(anonymous_2)","decl":{"start":{"line":22,"column":36},"end":{"line":22,"column":37}},"loc":{"start":{"line":22,"column":45},"end":{"line":22,"column":70}},"line":22},"3":{"name":"(anonymous_3)","decl":{"start":{"line":37,"column":32},"end":{"line":37,"column":33}},"loc":{"start":{"line":38,"column":2},"end":{"line":42,"column":3}},"line":38},"4":{"name":"(anonymous_4)","decl":{"start":{"line":44,"column":27},"end":{"line":44,"column":28}},"loc":{"start":{"line":44,"column":45},"end":{"line":57,"column":1}},"line":44},"5":{"name":"(anonymous_5)","decl":{"start":{"line":59,"column":17},"end":{"line":59,"column":18}},"loc":{"start":{"line":59,"column":29},"end":{"line":63,"column":1}},"line":59}},"branchMap":{"0":{"loc":{"start":{"line":26,"column":4},"end":{"line":30,"column":5}},"type":"if","locations":[{"start":{"line":26,"column":4},"end":{"line":30,"column":5}},{"start":{"line":26,"column":4},"end":{"line":30,"column":5}}],"line":26},"1":{"loc":{"start":{"line":49,"column":4},"end":{"line":53,"column":5}},"type":"if","locations":[{"start":{"line":49,"column":4},"end":{"line":53,"column":5}},{"start":{"line":49,"column":4},"end":{"line":53,"column":5}}],"line":49}},"s":{"0":1,"1":1,"2":1,"3":1,"4":1,"5":1,"6":1,"7":0,"8":0,"9":0,"10":0,"11":1,"12":1,"13":0,"14":1,"15":0,"16":0,"17":0,"18":0,"19":0,"20":0,"21":0,"22":1,"23":1,"24":1,"25":1},"f":{"0":1,"1":1,"2":1,"3":0,"4":0,"5":1},"b":{"0":[0,0],"1":[0,0]},"_coverageSchema":"332fd63041d2c1bcb487cc26dd0d5f7d97098a6c","hash":"a5e9935306a1d5434a4606cd6cc7a90ed1e1cccb"}
,"/Users/tg/dev/react/reactnative/demos/marketamerica/tgshop_expo/tgshop/app/config/store.js": {"path":"/Users/tg/dev/react/reactnative/demos/marketamerica/tgshop_expo/tgshop/app/config/store.js","statementMap":{"0":{"start":{"line":8,"column":23},"end":{"line":8,"column":45}},"1":{"start":{"line":9,"column":19},"end":{"line":9,"column":35}},"2":{"start":{"line":10,"column":0},"end":{"line":12,"column":1}},"3":{"start":{"line":11,"column":2},"end":{"line":11,"column":26}},"4":{"start":{"line":14,"column":14},"end":{"line":14,"column":66}},"5":{"start":{"line":16,"column":0},"end":{"line":16,"column":29}}},"fnMap":{},"branchMap":{"0":{"loc":{"start":{"line":10,"column":0},"end":{"line":12,"column":1}},"type":"if","locations":[{"start":{"line":10,"column":0},"end":{"line":12,"column":1}},{"start":{"line":10,"column":0},"end":{"line":12,"column":1}}],"line":10}},"s":{"0":1,"1":1,"2":1,"3":0,"4":1,"5":1},"f":{},"b":{"0":[0,1]},"_coverageSchema":"332fd63041d2c1bcb487cc26dd0d5f7d97098a6c","hash":"2055967ef77ed46abaea8373af7c8051decf3519"}
,"/Users/tg/dev/react/reactnative/demos/marketamerica/tgshop_expo/tgshop/app/reducers/index.js": {"path":"/Users/tg/dev/react/reactnative/demos/marketamerica/tgshop_expo/tgshop/app/reducers/index.js","statementMap":{},"fnMap":{},"branchMap":{},"s":{},"f":{},"b":{},"_coverageSchema":"332fd63041d2c1bcb487cc26dd0d5f7d97098a6c","hash":"043b0250fa042d1276575120a72ab2efe05ca9e1"}
,"/Users/tg/dev/react/reactnative/demos/marketamerica/tgshop_expo/tgshop/app/reducers/productDetail.js": {"path":"/Users/tg/dev/react/reactnative/demos/marketamerica/tgshop_expo/tgshop/app/reducers/productDetail.js","statementMap":{"0":{"start":{"line":7,"column":21},"end":{"line":13,"column":1}},"1":{"start":{"line":15,"column":25},"end":{"line":22,"column":1}},"2":{"start":{"line":16,"column":22},"end":{"line":19,"column":3}},"3":{"start":{"line":21,"column":2},"end":{"line":21,"column":23}},"4":{"start":{"line":24,"column":16},"end":{"line":41,"column":1}},"5":{"start":{"line":25,"column":2},"end":{"line":40,"column":3}},"6":{"start":{"line":27,"column":6},"end":{"line":27,"column":74}},"7":{"start":{"line":29,"column":6},"end":{"line":35,"column":8}},"8":{"start":{"line":37,"column":6},"end":{"line":37,"column":47}},"9":{"start":{"line":39,"column":6},"end":{"line":39,"column":19}}},"fnMap":{"0":{"name":"(anonymous_0)","decl":{"start":{"line":15,"column":25},"end":{"line":15,"column":26}},"loc":{"start":{"line":15,"column":44},"end":{"line":22,"column":1}},"line":15},"1":{"name":"(anonymous_1)","decl":{"start":{"line":24,"column":16},"end":{"line":24,"column":17}},"loc":{"start":{"line":24,"column":50},"end":{"line":41,"column":1}},"line":24}},"branchMap":{"0":{"loc":{"start":{"line":24,"column":17},"end":{"line":24,"column":37}},"type":"default-arg","locations":[{"start":{"line":24,"column":25},"end":{"line":24,"column":37}}],"line":24},"1":{"loc":{"start":{"line":25,"column":2},"end":{"line":40,"column":3}},"type":"switch","locations":[{"start":{"line":26,"column":4},"end":{"line":27,"column":74}},{"start":{"line":28,"column":4},"end":{"line":35,"column":8}},{"start":{"line":36,"column":4},"end":{"line":37,"column":47}},{"start":{"line":38,"column":4},"end":{"line":39,"column":19}}],"line":25}},"s":{"0":1,"1":1,"2":0,"3":0,"4":1,"5":5,"6":0,"7":0,"8":0,"9":5},"f":{"0":0,"1":5},"b":{"0":[3],"1":[0,0,0,5]},"_coverageSchema":"332fd63041d2c1bcb487cc26dd0d5f7d97098a6c","hash":"d8a13b043c23df0ffde860d3efe18d2de97d9acc"}
,"/Users/tg/dev/react/reactnative/demos/marketamerica/tgshop_expo/tgshop/app/reducers/products.js": {"path":"/Users/tg/dev/react/reactnative/demos/marketamerica/tgshop_expo/tgshop/app/reducers/products.js","statementMap":{"0":{"start":{"line":9,"column":21},"end":{"line":36,"column":1}},"1":{"start":{"line":56,"column":25},"end":{"line":63,"column":1}},"2":{"start":{"line":57,"column":22},"end":{"line":60,"column":3}},"3":{"start":{"line":62,"column":2},"end":{"line":62,"column":23}},"4":{"start":{"line":65,"column":16},"end":{"line":86,"column":1}},"5":{"start":{"line":66,"column":2},"end":{"line":85,"column":3}},"6":{"start":{"line":68,"column":6},"end":{"line":68,"column":74}},"7":{"start":{"line":70,"column":6},"end":{"line":76,"column":8}},"8":{"start":{"line":78,"column":6},"end":{"line":78,"column":47}},"9":{"start":{"line":80,"column":6},"end":{"line":80,"column":57}},"10":{"start":{"line":82,"column":6},"end":{"line":82,"column":74}},"11":{"start":{"line":84,"column":6},"end":{"line":84,"column":19}}},"fnMap":{"0":{"name":"(anonymous_0)","decl":{"start":{"line":56,"column":25},"end":{"line":56,"column":26}},"loc":{"start":{"line":56,"column":44},"end":{"line":63,"column":1}},"line":56},"1":{"name":"(anonymous_1)","decl":{"start":{"line":65,"column":16},"end":{"line":65,"column":17}},"loc":{"start":{"line":65,"column":50},"end":{"line":86,"column":1}},"line":65}},"branchMap":{"0":{"loc":{"start":{"line":65,"column":17},"end":{"line":65,"column":37}},"type":"default-arg","locations":[{"start":{"line":65,"column":25},"end":{"line":65,"column":37}}],"line":65},"1":{"loc":{"start":{"line":66,"column":2},"end":{"line":85,"column":3}},"type":"switch","locations":[{"start":{"line":67,"column":4},"end":{"line":68,"column":74}},{"start":{"line":69,"column":4},"end":{"line":76,"column":8}},{"start":{"line":77,"column":4},"end":{"line":78,"column":47}},{"start":{"line":79,"column":4},"end":{"line":80,"column":57}},{"start":{"line":81,"column":4},"end":{"line":82,"column":74}},{"start":{"line":83,"column":4},"end":{"line":84,"column":19}}],"line":66}},"s":{"0":1,"1":1,"2":1,"3":1,"4":1,"5":5,"6":1,"7":0,"8":1,"9":0,"10":0,"11":3},"f":{"0":1,"1":5},"b":{"0":[3],"1":[1,0,1,0,0,3]},"_coverageSchema":"332fd63041d2c1bcb487cc26dd0d5f7d97098a6c","hash":"51ceee1bf0819fe5334e059652543613f797915a"}
,"/Users/tg/dev/react/reactnative/demos/marketamerica/tgshop_expo/tgshop/app/screens/ProductDetail.js": {"path":"/Users/tg/dev/react/reactnative/demos/marketamerica/tgshop_expo/tgshop/app/screens/ProductDetail.js","statementMap":{"0":{"start":{"line":17,"column":4},"end":{"line":17,"column":17}},"1":{"start":{"line":18,"column":4},"end":{"line":18,"column":20}},"2":{"start":{"line":22,"column":4},"end":{"line":22,"column":90}},"3":{"start":{"line":26,"column":4},"end":{"line":32,"column":6}},"4":{"start":{"line":36,"column":24},"end":{"line":42,"column":1}},"5":{"start":{"line":37,"column":34},"end":{"line":37,"column":67}},"6":{"start":{"line":38,"column":2},"end":{"line":41,"column":4}}},"fnMap":{"0":{"name":"(anonymous_0)","decl":{"start":{"line":16,"column":2},"end":{"line":16,"column":3}},"loc":{"start":{"line":16,"column":21},"end":{"line":19,"column":3}},"line":16},"1":{"name":"(anonymous_1)","decl":{"start":{"line":21,"column":2},"end":{"line":21,"column":3}},"loc":{"start":{"line":21,"column":23},"end":{"line":23,"column":3}},"line":21},"2":{"name":"(anonymous_2)","decl":{"start":{"line":25,"column":2},"end":{"line":25,"column":3}},"loc":{"start":{"line":25,"column":11},"end":{"line":33,"column":3}},"line":25},"3":{"name":"(anonymous_3)","decl":{"start":{"line":36,"column":24},"end":{"line":36,"column":25}},"loc":{"start":{"line":36,"column":33},"end":{"line":42,"column":1}},"line":36}},"branchMap":{},"s":{"0":0,"1":0,"2":0,"3":0,"4":1,"5":0,"6":0},"f":{"0":0,"1":0,"2":0,"3":0},"b":{},"_coverageSchema":"332fd63041d2c1bcb487cc26dd0d5f7d97098a6c","hash":"431a1fd51369ee04585c36a13186569a2f89f534"}
,"/Users/tg/dev/react/reactnative/demos/marketamerica/tgshop_expo/tgshop/app/screens/ProductList.js": {"path":"/Users/tg/dev/react/reactnative/demos/marketamerica/tgshop_expo/tgshop/app/screens/ProductList.js","statementMap":{"0":{"start":{"line":15,"column":15},"end":{"line":20,"column":2}},"1":{"start":{"line":24,"column":4},"end":{"line":24,"column":17}},"2":{"start":{"line":25,"column":4},"end":{"line":25,"column":20}},"3":{"start":{"line":29,"column":4},"end":{"line":29,"column":49}},"4":{"start":{"line":33,"column":4},"end":{"line":33,"column":42}},"5":{"start":{"line":37,"column":4},"end":{"line":37,"column":45}},"6":{"start":{"line":41,"column":18},"end":{"line":41,"column":50}},"7":{"start":{"line":42,"column":4},"end":{"line":42,"column":69}},"8":{"start":{"line":46,"column":4},"end":{"line":66,"column":6}},"9":{"start":{"line":56,"column":12},"end":{"line":60,"column":14}},"10":{"start":{"line":57,"column":29},"end":{"line":57,"column":51}},"11":{"start":{"line":62,"column":41},"end":{"line":62,"column":46}},"12":{"start":{"line":70,"column":24},"end":{"line":72,"column":2}},"13":{"start":{"line":70,"column":34},"end":{"line":72,"column":1}}},"fnMap":{"0":{"name":"(anonymous_0)","decl":{"start":{"line":23,"column":2},"end":{"line":23,"column":3}},"loc":{"start":{"line":23,"column":21},"end":{"line":26,"column":3}},"line":23},"1":{"name":"(anonymous_1)","decl":{"start":{"line":28,"column":2},"end":{"line":28,"column":3}},"loc":{"start":{"line":28,"column":23},"end":{"line":30,"column":3}},"line":28},"2":{"name":"(anonymous_2)","decl":{"start":{"line":32,"column":22},"end":{"line":32,"column":23}},"loc":{"start":{"line":32,"column":28},"end":{"line":34,"column":3}},"line":32},"3":{"name":"(anonymous_3)","decl":{"start":{"line":36,"column":21},"end":{"line":36,"column":22}},"loc":{"start":{"line":36,"column":29},"end":{"line":38,"column":3}},"line":36},"4":{"name":"(anonymous_4)","decl":{"start":{"line":40,"column":16},"end":{"line":40,"column":17}},"loc":{"start":{"line":40,"column":24},"end":{"line":43,"column":3}},"line":40},"5":{"name":"(anonymous_5)","decl":{"start":{"line":45,"column":2},"end":{"line":45,"column":3}},"loc":{"start":{"line":45,"column":11},"end":{"line":67,"column":3}},"line":45},"6":{"name":"(anonymous_6)","decl":{"start":{"line":55,"column":22},"end":{"line":55,"column":23}},"loc":{"start":{"line":56,"column":12},"end":{"line":60,"column":14}},"line":56},"7":{"name":"(anonymous_7)","decl":{"start":{"line":57,"column":23},"end":{"line":57,"column":24}},"loc":{"start":{"line":57,"column":29},"end":{"line":57,"column":51}},"line":57},"8":{"name":"(anonymous_8)","decl":{"start":{"line":62,"column":24},"end":{"line":62,"column":25}},"loc":{"start":{"line":62,"column":41},"end":{"line":62,"column":46}},"line":62},"9":{"name":"(anonymous_9)","decl":{"start":{"line":70,"column":24},"end":{"line":70,"column":25}},"loc":{"start":{"line":70,"column":34},"end":{"line":72,"column":1}},"line":70}},"branchMap":{"0":{"loc":{"start":{"line":41,"column":18},"end":{"line":41,"column":50}},"type":"binary-expr","locations":[{"start":{"line":41,"column":18},"end":{"line":41,"column":30}},{"start":{"line":41,"column":34},"end":{"line":41,"column":50}}],"line":41}},"s":{"0":1,"1":1,"2":1,"3":1,"4":0,"5":0,"6":0,"7":0,"8":2,"9":10,"10":0,"11":12,"12":1,"13":3},"f":{"0":1,"1":1,"2":0,"3":0,"4":0,"5":2,"6":10,"7":0,"8":12,"9":3},"b":{"0":[0,0]},"_coverageSchema":"332fd63041d2c1bcb487cc26dd0d5f7d97098a6c","hash":"26fc00748abeafceb391d85e8d3d1f455d981442"}
}
