TN:
SF:/Users/tg/dev/react/reactnative/demos/marketamerica/tgshop_expo/tgshop/app/index.js
FN:22,(anonymous_0)
FNF:1
FNH:1
FNDA:1,(anonymous_0)
DA:9,1
DA:23,1
LF:2
LH:2
BRF:0
BRH:0
end_of_record
TN:
SF:/Users/tg/dev/react/reactnative/demos/marketamerica/tgshop_expo/tgshop/app/actions/productDetail.js
FN:5,(anonymous_0)
FNF:1
FNH:0
FNDA:0,(anonymous_0)
DA:1,1
DA:2,1
DA:3,1
DA:5,1
LF:4
LH:4
BRF:0
BRH:0
end_of_record
TN:
SF:/Users/tg/dev/react/reactnative/demos/marketamerica/tgshop_expo/tgshop/app/actions/products.js
FN:7,(anonymous_0)
FN:11,(anonymous_1)
FN:16,(anonymous_2)
FNF:3
FNH:1
FNDA:1,(anonymous_0)
FNDA:0,(anonymous_1)
FNDA:0,(anonymous_2)
DA:1,1
DA:2,1
DA:3,1
DA:4,1
DA:5,1
DA:7,1
DA:11,1
DA:16,1
LF:8
LH:8
BRF:0
BRH:0
end_of_record
TN:
SF:/Users/tg/dev/react/reactnative/demos/marketamerica/tgshop_expo/tgshop/app/components/Card/ProductDetailCard.js
FN:11,(anonymous_0)
FNF:1
FNH:1
FNDA:1,(anonymous_0)
DA:11,2
DA:13,1
DA:20,1
DA:21,0
DA:24,1
DA:25,1
DA:29,1
DA:31,1
LF:8
LH:7
BRDA:20,0,0,0
BRDA:20,0,1,1
BRDA:24,1,0,1
BRDA:24,1,1,0
BRF:4
BRH:2
end_of_record
TN:
SF:/Users/tg/dev/react/reactnative/demos/marketamerica/tgshop_expo/tgshop/app/components/Card/index.js
FNF:0
FNH:0
LF:0
LH:0
BRF:0
BRH:0
end_of_record
TN:
SF:/Users/tg/dev/react/reactnative/demos/marketamerica/tgshop_expo/tgshop/app/components/Card/styles.js
FNF:0
FNH:0
DA:3,2
LF:1
LH:1
BRF:0
BRH:0
end_of_record
TN:
SF:/Users/tg/dev/react/reactnative/demos/marketamerica/tgshop_expo/tgshop/app/components/Container/Container.js
FN:7,(anonymous_0)
FNF:1
FNH:1
FNDA:3,(anonymous_0)
DA:7,2
DA:8,3
DA:9,3
DA:10,0
DA:12,3
DA:20,2
LF:6
LH:5
BRDA:9,0,0,0
BRDA:9,0,1,3
BRF:2
BRH:1
end_of_record
TN:
SF:/Users/tg/dev/react/reactnative/demos/marketamerica/tgshop_expo/tgshop/app/components/Container/index.js
FNF:0
FNH:0
LF:0
LH:0
BRF:0
BRH:0
end_of_record
TN:
SF:/Users/tg/dev/react/reactnative/demos/marketamerica/tgshop_expo/tgshop/app/components/Container/styles.js
FNF:0
FNH:0
LF:0
LH:0
BRF:0
BRH:0
end_of_record
TN:
SF:/Users/tg/dev/react/reactnative/demos/marketamerica/tgshop_expo/tgshop/app/components/Header/ImageHeader.js
FN:7,(anonymous_0)
FNF:1
FNH:0
FNDA:0,(anonymous_0)
DA:7,2
DA:8,0
DA:16,2
LF:3
LH:2
BRF:0
BRH:0
end_of_record
TN:
SF:/Users/tg/dev/react/reactnative/demos/marketamerica/tgshop_expo/tgshop/app/components/Header/SearchHeader.js
FN:13,(anonymous_0)
FNF:1
FNH:1
FNDA:3,(anonymous_0)
DA:13,2
DA:14,3
DA:15,3
DA:18,3
LF:4
LH:4
BRF:0
BRH:0
end_of_record
TN:
SF:/Users/tg/dev/react/reactnative/demos/marketamerica/tgshop_expo/tgshop/app/components/Header/index.js
FNF:0
FNH:0
LF:0
LH:0
BRF:0
BRH:0
end_of_record
TN:
SF:/Users/tg/dev/react/reactnative/demos/marketamerica/tgshop_expo/tgshop/app/components/Header/styles.js
FNF:0
FNH:0
DA:4,2
LF:1
LH:1
BRF:0
BRH:0
end_of_record
TN:
SF:/Users/tg/dev/react/reactnative/demos/marketamerica/tgshop_expo/tgshop/app/components/List/ListItem.js
FN:8,(anonymous_0)
FNF:1
FNH:0
FNDA:0,(anonymous_0)
DA:8,2
DA:9,0
DA:23,2
LF:3
LH:2
BRDA:8,0,0,0
BRF:1
BRH:0
end_of_record
TN:
SF:/Users/tg/dev/react/reactnative/demos/marketamerica/tgshop_expo/tgshop/app/components/List/ProductListItem.js
FN:8,(anonymous_0)
FNF:1
FNH:1
FNDA:11,(anonymous_0)
DA:8,2
DA:14,11
DA:19,11
DA:25,10
DA:27,10
DA:55,2
LF:6
LH:6
BRDA:10,0,0,11
BRDA:14,1,0,11
BRDA:14,1,1,1
BRDA:19,2,0,11
BRDA:19,2,1,10
BRDA:38,3,0,0
BRDA:38,3,1,10
BRDA:41,4,0,0
BRDA:41,4,1,10
BRF:9
BRH:7
end_of_record
TN:
SF:/Users/tg/dev/react/reactnative/demos/marketamerica/tgshop_expo/tgshop/app/components/List/Separator.js
FN:6,(anonymous_0)
FNF:1
FNH:1
FNDA:10,(anonymous_0)
DA:6,10
LF:1
LH:1
BRF:0
BRH:0
end_of_record
TN:
SF:/Users/tg/dev/react/reactnative/demos/marketamerica/tgshop_expo/tgshop/app/components/List/index.js
FNF:0
FNH:0
LF:0
LH:0
BRF:0
BRH:0
end_of_record
TN:
SF:/Users/tg/dev/react/reactnative/demos/marketamerica/tgshop_expo/tgshop/app/components/List/styles.js
FNF:0
FNH:0
DA:4,2
LF:1
LH:1
BRF:0
BRH:0
end_of_record
TN:
SF:/Users/tg/dev/react/reactnative/demos/marketamerica/tgshop_expo/tgshop/app/components/MoneyIcon/MoneyIcon.js
FN:6,(anonymous_0)
FNF:1
FNH:1
FNDA:1,(anonymous_0)
DA:6,2
DA:7,1
LF:2
LH:2
BRF:0
BRH:0
end_of_record
TN:
SF:/Users/tg/dev/react/reactnative/demos/marketamerica/tgshop_expo/tgshop/app/components/MoneyIcon/index.js
FNF:0
FNH:0
LF:0
LH:0
BRF:0
BRH:0
end_of_record
TN:
SF:/Users/tg/dev/react/reactnative/demos/marketamerica/tgshop_expo/tgshop/app/components/MoneyIcon/styles.js
FNF:0
FNH:0
DA:4,2
LF:1
LH:1
BRF:0
BRH:0
end_of_record
TN:
SF:/Users/tg/dev/react/reactnative/demos/marketamerica/tgshop_expo/tgshop/app/config/routes.js
FNF:0
FNH:0
DA:9,1
LF:1
LH:1
BRF:0
BRH:0
end_of_record
TN:
SF:/Users/tg/dev/react/reactnative/demos/marketamerica/tgshop_expo/tgshop/app/config/sagas.js
FN:16,(anonymous_0)
FN:19,(anonymous_1)
FN:22,(anonymous_2)
FN:37,(anonymous_3)
FN:44,(anonymous_4)
FN:59,(anonymous_5)
FNF:6
FNH:4
FNDA:1,(anonymous_0)
FNDA:1,(anonymous_1)
FNDA:1,(anonymous_2)
FNDA:0,(anonymous_3)
FNDA:0,(anonymous_4)
FNDA:1,(anonymous_5)
DA:16,1
DA:17,1
DA:19,1
DA:20,1
DA:22,1
DA:23,1
DA:24,0
DA:26,0
DA:27,0
DA:29,0
DA:32,1
DA:37,1
DA:38,0
DA:44,1
DA:45,0
DA:46,0
DA:47,0
DA:49,0
DA:50,0
DA:52,0
DA:55,0
DA:59,1
DA:60,1
DA:61,1
DA:62,1
LF:25
LH:13
BRDA:26,0,0,0
BRDA:26,0,1,0
BRDA:49,1,0,0
BRDA:49,1,1,0
BRF:4
BRH:0
end_of_record
TN:
SF:/Users/tg/dev/react/reactnative/demos/marketamerica/tgshop_expo/tgshop/app/config/store.js
FNF:0
FNH:0
DA:8,1
DA:9,1
DA:10,1
DA:11,0
DA:14,1
DA:16,1
LF:6
LH:5
BRDA:10,0,0,0
BRDA:10,0,1,1
BRF:2
BRH:1
end_of_record
TN:
SF:/Users/tg/dev/react/reactnative/demos/marketamerica/tgshop_expo/tgshop/app/reducers/index.js
FNF:0
FNH:0
LF:0
LH:0
BRF:0
BRH:0
end_of_record
TN:
SF:/Users/tg/dev/react/reactnative/demos/marketamerica/tgshop_expo/tgshop/app/reducers/productDetail.js
FN:15,(anonymous_0)
FN:24,(anonymous_1)
FNF:2
FNH:1
FNDA:0,(anonymous_0)
FNDA:5,(anonymous_1)
DA:7,1
DA:15,1
DA:16,0
DA:21,0
DA:24,1
DA:25,5
DA:27,0
DA:29,0
DA:37,0
DA:39,5
LF:10
LH:5
BRDA:24,0,0,3
BRDA:25,1,0,0
BRDA:25,1,1,0
BRDA:25,1,2,0
BRDA:25,1,3,5
BRF:5
BRH:2
end_of_record
TN:
SF:/Users/tg/dev/react/reactnative/demos/marketamerica/tgshop_expo/tgshop/app/reducers/products.js
FN:56,(anonymous_0)
FN:65,(anonymous_1)
FNF:2
FNH:2
FNDA:1,(anonymous_0)
FNDA:5,(anonymous_1)
DA:9,1
DA:56,1
DA:57,1
DA:62,1
DA:65,1
DA:66,5
DA:68,1
DA:70,0
DA:78,1
DA:80,0
DA:82,0
DA:84,3
LF:12
LH:9
BRDA:65,0,0,3
BRDA:66,1,0,1
BRDA:66,1,1,0
BRDA:66,1,2,1
BRDA:66,1,3,0
BRDA:66,1,4,0
BRDA:66,1,5,3
BRF:7
BRH:4
end_of_record
TN:
SF:/Users/tg/dev/react/reactnative/demos/marketamerica/tgshop_expo/tgshop/app/screens/ProductDetail.js
FN:16,(anonymous_0)
FN:21,(anonymous_1)
FN:25,(anonymous_2)
FN:36,(anonymous_3)
FNF:4
FNH:0
FNDA:0,(anonymous_0)
FNDA:0,(anonymous_1)
FNDA:0,(anonymous_2)
FNDA:0,(anonymous_3)
DA:17,0
DA:18,0
DA:22,0
DA:26,0
DA:36,1
DA:37,0
DA:38,0
LF:7
LH:1
BRF:0
BRH:0
end_of_record
TN:
SF:/Users/tg/dev/react/reactnative/demos/marketamerica/tgshop_expo/tgshop/app/screens/ProductList.js
FN:23,(anonymous_0)
FN:28,(anonymous_1)
FN:32,(anonymous_2)
FN:36,(anonymous_3)
FN:40,(anonymous_4)
FN:45,(anonymous_5)
FN:55,(anonymous_6)
FN:57,(anonymous_7)
FN:62,(anonymous_8)
FN:70,(anonymous_9)
FNF:10
FNH:6
FNDA:1,(anonymous_0)
FNDA:1,(anonymous_1)
FNDA:0,(anonymous_2)
FNDA:0,(anonymous_3)
FNDA:0,(anonymous_4)
FNDA:2,(anonymous_5)
FNDA:10,(anonymous_6)
FNDA:0,(anonymous_7)
FNDA:12,(anonymous_8)
FNDA:3,(anonymous_9)
DA:15,1
DA:24,1
DA:25,1
DA:29,1
DA:33,0
DA:37,0
DA:41,0
DA:42,0
DA:46,2
DA:56,10
DA:57,0
DA:62,12
DA:70,3
LF:13
LH:8
BRDA:41,0,0,0
BRDA:41,0,1,0
BRF:2
BRH:0
end_of_record
